<?xml version="1.0" encoding="UTF-8"?>
<!-- Generated by org.testng.reporters.JUnitXMLReporter -->
<testsuite hostname="PDCDT01GY4ZVQ1" ignored="0" name="Default test" tests="7" failures="0" timestamp="18 Jan 2020 10:39:24 GMT" time="116.173" errors="0">
  <testcase name="ScenarioFive" time="4.124" classname="com.amazon.testspage.RegistrationTest"/>
  <testcase name="ScenarioFour" time="1.707" classname="com.amazon.testspage.RegistrationTest"/>
  <testcase name="ScenarioOne" time="21.121" classname="com.amazon.testspage.RegistrationTest"/>
  <testcase name="ScenarioSeven" time="2.914" classname="com.amazon.testspage.RegistrationTest"/>
  <testcase name="ScenarioSix" time="3.776" classname="com.amazon.testspage.RegistrationTest"/>
  <testcase name="ScenarioThree" time="12.325" classname="com.amazon.testspage.RegistrationTest"/>
  <testcase name="ScenarioTwo" time="10.324" classname="com.amazon.testspage.RegistrationTest"/>
</testsuite> <!-- Default test -->
